@0000000000000000
68C868C068986890688866416440E22F
69C869C06FD869D069C869C06ED868D0
7884788216A1E42B68451E3069D869D0
1D61EA116FC06FC0EEA438CCD918388C
0FFF66C5A742A94A298E294EB9C06948
F4F4F4F4F4F4F4F4F4F4F4F4F4F4F4F4
1234060D600D0BADBADD008E00C00080
F4F4F4F4F4F4F4F4F4F40098D00DC001
0180A0A6A0A5A0A4A0A3A0A2A0A10100
A1A7A1A6A1A5B00BA1A3A1A2A1A1A1A0
A2A7A2A6A2A5A2A4A2A3A2A2A2A1A2A0
A3A7A3A6A3A5A3A4A3A3A3A2A3A1A3A0
A4A7A4A6A4A5A4A4A4A3A4A2A4A1A4A0
A5A7A5A6A5A5A5A4A5A3A5A2A5A1A5A0
A6A7A6A6A6A5A6A4A6A3A6A2A6A1A6A0
A7A7A7A6A7A5A7A4A7A3A7A2A7A10100
B0B7B0B6B0B5B0B4B0B3B0B2B0B10140
B1B7B1B6B1B5B1B4B1B3B1B2B1B1B1B0
B2B7B2B6B2B5B2B4B2B3B2B2B2B1B2B0
B3B7B3B6B3B5B3B4B3B3B3B2B3B10140
B4B7B4B6B4B5B4B4B4B3B4B2B4B10186
B5B7B5B6B5B5B5B4B5B3B5B2B5B1B5B0
B6B7B6B6B6B5B6B4B6B3B6B2B6B1B6B0
B7B7B7B6B7B5B7B4B7B3B7B2B7B1B7B0
C0C7C0C6DEADC0C4BADDD00DC0C10100
