         ps       /mp1_tb/mem_address   /mp1_tb/mem_write              
          delta                     /mp1_tb/mem_byte_enable            
                                               /mp1_tb/mem_wdata       
          0  +0                  xxxx                   x x xxxx 
          0  +1                  0000                   0 3 0000 
      15000  +3                  0000                   0 3 xxxx 
     235000  +3                  0000                   0 3 e06a 
     275000  +3                  0002                   0 3 e06a 
     505000  +3                  0002                   0 3 6200 
     535000  +3                  00d6                   0 3 6200 
     765000  +3                  00d6                   0 3 0000 
     785000  +3                  0004                   0 3 0000 
    1015000  +3                  0004                   0 3 6401 
    1045000  +3                  00d8                   0 3 6401 
    1275000  +3                  00d8                   0 3 0070 
    1295000  +3                  0006                   0 3 0070 
    1525000  +3                  0006                   0 3 6e02 
    1555000  +3                  00da                   0 3 6e02 
    1785000  +3                  00da                   0 3 000a 
    1805000  +3                  0008                   0 3 000a 
    2035000  +3                  0008                   0 3 1287 
    2075000  +3                  000a                   0 3 1287 
    2305000  +3                  000a                   0 3 167c 
    2345000  +3                  000c                   0 3 167c 
    2575000  +3                  000c                   0 3 1243 
    2615000  +3                  000e                   0 3 1243 
    2845000  +3                  000e                   0 3 1241 
    2885000  +3                  0010                   0 3 1241 
    3115000  +3                  0010                   0 3 720f 
    3145000  +3                  00f4                   0 3 720f 
    3155000  +3                  00f4                   0 3 01e0 
    3155000  +5                  00f4                   1 3 01e0 
    3385000  +4                  00f4                   0 3 01e0 
    3395000  +3                  0012                   0 3 01e0 
    3625000  +3                  0012                   0 3 6203 
    3655000  +3                  00dc                   0 3 6203 
    3885000  +3                  00dc                   0 3 270f 
    3905000  +3                  0014                   0 3 270f 
    4135000  +3                  0014                   0 3 6404 
    4165000  +3                  00de                   0 3 6404 
    4395000  +3                  00de                   0 3 002a 
    4415000  +3                  0016                   0 3 002a 
    4645000  +3                  0016                   0 3 5c42 
    4685000  +3                  0018                   0 3 5c42 
    4915000  +3                  0018                   0 3 5baa 
    4955000  +3                  001a                   0 3 5baa 
    5185000  +3                  001a                   0 3 7a10 
    5215000  +3                  00f6                   0 3 7a10 
    5225000  +3                  00f6                   0 3 000a 
    5225000  +5                  00f6                   1 3 000a 
    5455000  +4                  00f6                   0 3 000a 
    5465000  +3                  001c                   0 3 000a 
    5695000  +3                  001c                   0 3 6e05 
    5725000  +3                  00e0                   0 3 6e05 
    5955000  +3                  00e0                   0 3 bac8 
    5975000  +3                  001e                   0 3 bac8 
    6205000  +3                  001e                   0 3 9fff 
    6245000  +3                  0020                   0 3 9fff 
    6475000  +3                  0020                   0 3 7e11 
    6505000  +3                  00f8                   0 3 7e11 
    6515000  +3                  00f8                   0 3 4537 
    6515000  +5                  00f8                   1 3 4537 
    6745000  +4                  00f8                   0 3 4537 
    6755000  +3                  0022                   0 3 4537 
    6985000  +3                  0022                   0 3 6209 
    7015000  +3                  00e8                   0 3 6209 
    7245000  +3                  00e8                   0 3 0d0d 
    7265000  +3                  0024                   0 3 0d0d 
    7495000  +3                  0024                   0 3 d464 
    7535000  +3                  0026                   0 3 d464 
    7765000  +3                  0026                   0 3 d652 
    7805000  +3                  0028                   0 3 d652 
    8035000  +3                  0028                   0 3 d4a1 
    8075000  +3                  002a                   0 3 d4a1 
    8305000  +3                  002a                   0 3 d6d1 
    8345000  +3                  002c                   0 3 d6d1 
    8575000  +3                  002c                   0 3 1483 
    8615000  +3                  002e                   0 3 1483 
    8845000  +3                  002e                   0 3 14a1 
    8885000  +3                  0030                   0 3 14a1 
    9115000  +3                  0030                   0 3 d873 
    9155000  +3                  0032                   0 3 d873 
    9385000  +3                  0032                   0 3 620a 
    9415000  +3                  00ea                   0 3 620a 
    9645000  +3                  00ea                   0 3 9884 
    9665000  +3                  0034                   0 3 9884 
    9895000  +3                  0034                   0 3 da76 
    9935000  +3                  0036                   0 3 da76 
   10165000  +3                  0036                   0 3 7412 
   10195000  +3                  00fa                   0 3 7412 
   10205000  +3                  00fa                   0 3 a342 
   10205000  +5                  00fa                   1 3 a342 
   10435000  +4                  00fa                   0 3 a342 
   10445000  +3                  0038                   0 3 a342 
   10675000  +3                  0038                   0 3 7813 
   10705000  +3                  00fc                   0 3 7813 
   10715000  +3                  00fc                   0 3 01a1 
   10715000  +5                  00fc                   1 3 01a1 
   10945000  +4                  00fc                   0 3 01a1 
   10955000  +3                  003a                   0 3 01a1 
   11185000  +3                  003a                   0 3 7a14 
   11215000  +3                  00fe                   0 3 7a14 
   11225000  +3                  00fe                   0 3 fe62 
   11225000  +5                  00fe                   1 3 fe62 
   11455000  +4                  00fe                   0 3 fe62 
   11465000  +3                  003c                   0 3 fe62 
   11695000  +3                  003c                   0 3 e261 
   11735000  +3                  003e                   0 3 e261 
   11965000  +3                  003e                   0 3 7216 
   11995000  +3                  0102                   0 3 7216 
   12005000  +3                  0102                   0 3 0100 
   12005000  +5                  0102                   1 3 0100 
   12235000  +4                  0102                   0 3 0100 
   12245000  +3                  0040                   0 3 0100 
   12475000  +3                  0040                   0 3 1b6d 
   12515000  +3                  0042                   0 3 1b6d 
   12745000  +3                  0042                   0 3 ba16 
   12775000  +3                  0102                   0 3 ba16 
   13005000  +3                  0102                   0 3 0100 
   13015000  +3                  0100                   0 3 0100 
   13025000  +3                  0100                   0 3 fe6f 
   13025000  +5                  0100                   1 3 fe6f 
   13255000  +4                  0100                   0 3 fe6f 
   13265000  +3                  0044                   0 3 fe6f 
   13495000  +3                  0044                   0 3 6207 
   13525000  +3                  00e4                   0 3 6207 
   13755000  +3                  00e4                   0 3 0003 
   13775000  +3                  0046                   0 3 0003 
   14005000  +3                  0046                   0 3 6406 
   14035000  +3                  00e2                   0 3 6406 
   14265000  +3                  00e2                   0 3 0007 
   14285000  +3                  0048                   0 3 0007 
   14515000  +3                  0048                   0 3 56e0 
   14555000  +3                  004a                   0 3 56e0 
   14785000  +3                  004a                   0 3 14a5 
   14825000  +3                  004c                   0 3 14a5 
   15055000  +3                  004c                   0 3 127f 
   15095000  +3                  004e                   0 3 127f 
   15325000  +3                  004e                   0 3 03fd 
   15375000  +3                  004a                   0 3 03fd 
   15605000  +3                  004a                   0 3 14a5 
   15645000  +3                  004c                   0 3 14a5 
   15875000  +3                  004c                   0 3 127f 
   15915000  +3                  004e                   0 3 127f 
   16145000  +3                  004e                   0 3 03fd 
   16195000  +3                  004a                   0 3 03fd 
   16425000  +3                  004a                   0 3 14a5 
   16465000  +3                  004c                   0 3 14a5 
   16695000  +3                  004c                   0 3 127f 
   16735000  +3                  004e                   0 3 127f 
   16965000  +3                  004e                   0 3 03fd 
   17005000  +3                  0050                   0 3 03fd 
   17235000  +3                  0050                   0 3 1267 
   17275000  +3                  0052                   0 3 1267 
   17505000  +3                  0052                   0 3 14ba 
   17545000  +3                  0054                   0 3 14ba 
   17775000  +3                  0054                   0 3 03fd 
   17825000  +3                  0050                   0 3 03fd 
   18055000  +3                  0050                   0 3 1267 
   18095000  +3                  0052                   0 3 1267 
   18325000  +3                  0052                   0 3 14ba 
   18365000  +3                  0054                   0 3 14ba 
   18595000  +3                  0054                   0 3 03fd 
   18645000  +3                  0050                   0 3 03fd 
   18875000  +3                  0050                   0 3 1267 
   18915000  +3                  0052                   0 3 1267 
   19145000  +3                  0052                   0 3 14ba 
   19185000  +3                  0054                   0 3 14ba 
   19415000  +3                  0054                   0 3 03fd 
   19465000  +3                  0050                   0 3 03fd 
   19695000  +3                  0050                   0 3 1267 
   19735000  +3                  0052                   0 3 1267 
   19965000  +3                  0052                   0 3 14ba 
   20005000  +3                  0054                   0 3 14ba 
   20235000  +3                  0054                   0 3 03fd 
   20275000  +3                  0056                   0 3 03fd 
   20505000  +3                  0056                   0 3 05f9 
   20545000  +3                  0058                   0 3 05f9 
   20775000  +3                  0058                   0 3 0801 
   20825000  +3                  005c                   0 3 0801 
   21055000  +3                  005c                   0 3 1481 
   21095000  +3                  005e                   0 3 1481 
   21325000  +3                  005e                   0 3 7416 
   21355000  +3                  0102                   0 3 7416 
   21365000  +3                  0102                   0 3 001a 
   21365000  +5                  0102                   1 3 001a 
   21595000  +4                  0102                   0 3 001a 
   21605000  +3                  0060                   0 3 001a 
   21835000  +3                  0060                   0 3 6c00 
   21865000  +3                  00d6                   0 3 6c00 
   22095000  +3                  00d6                   0 3 0000 
   22115000  +3                  0062                   0 3 0000 
   22345000  +3                  0062                   0 3 4832 
   22395000  +3                  00c8                   0 3 4832 
   22625000  +3                  00c8                   0 3 9dff 
   22665000  +3                  00ca                   0 3 9dff 
   22895000  +3                  00ca                   0 3 c1c0 
   22935000  +3                  0064                   0 3 c1c0 
   23165000  +3                  0064                   0 3 7c17 
   23195000  +3                  0104                   0 3 7c17 
   23205000  +3                  0104                   0 3 ff9b 
   23205000  +5                  0104                   1 3 ff9b 
   23435000  +4                  0104                   0 3 ff9b 
   23445000  +3                  0066                   0 3 ff9b 
   23675000  +3                  0066                   0 3 5b6d 
   23715000  +3                  0068                   0 3 5b6d 
   23945000  +3                  0068                   0 3 e602 
   23985000  +3                  006a                   0 3 e602 
   24215000  +3                  006a                   0 3 c0c0 
   24255000  +3                  006e                   0 3 c0c0 
   24485000  +3                  006e                   0 3 7a18 
   24515000  +3                  0106                   0 3 7a18 
   24525000  +3                  0106                   0 3 000d 
   24525000  +5                  0106                   1 3 000d 
   24755000  +4                  0106                   0 3 000d 
   24765000  +3                  0070                   0 3 000d 
   24995000  +3                  0070                   0 3 6a08 
   25025000  +3                  00e6                   0 3 6a08 
   25255000  +3                  00e6                   0 3 0bad 
   25275000  +3                  0072                   0 3 0bad 
   25505000  +3                  0072                   0 3 f08d 
   25545000  +3                  011a                   0 3 f08d 
   25775000  +3                  011a                   0 3 011c 
   26065000  +3                  011c                   0 3 011c 
   26295000  +3                  011c                   0 3 6a0b 
   26325000  +3                  00ec                   0 3 6a0b 
   26555000  +3                  00ec                   0 3 ae85 
   26575000  +3                  011e                   0 3 ae85 
   26805000  +3                  011e                   0 3 9b7f 
   26845000  +3                  0120                   0 3 9b7f 
   27075000  +3                  0120                   0 3 c1c0 
   27115000  +3                  0074                   0 3 c1c0 
   27345000  +3                  0074                   0 3 7a19 
   27375000  +3                  0108                   0 3 7a19 
   27385000  +3                  0108                   0 3 517a 
   27385000  +5                  0108                   1 3 517a 
   27615000  +4                  0108                   0 3 517a 
   27625000  +3                  0076                   0 3 517a 
   27855000  +3                  0076                   0 3 e22f 
   27895000  +3                  0078                   0 3 e22f 
   28125000  +3                  0078                   0 3 1261 
   28165000  +3                  007a                   0 3 1261 
   28395000  +3                  007a                   0 3 2416 
   28425000  +3                  00ec                   0 3 2416 
   28655000  +3                  00ec                   0 3 ae85 
   28675000  +3                  007c                   0 3 ae85 
   28905000  +3                  007c                   0 3 2656 
   28935000  +3                  00ed                   0 3 2656 
   29165000  +3                  00ed                   0 3 ae85 
   29185000  +3                  007e                   0 3 ae85 
   29415000  +3                  007e                   0 3 18c2 
   29455000  +3                  0080                   0 3 18c2 
   29685000  +3                  0080                   0 3 781a 
   29715000  +3                  010a                   0 3 781a 
   29725000  +3                  010a                   0 3 0133 
   29725000  +5                  010a                   1 3 0133 
   29955000  +4                  010a                   0 3 0133 
   29965000  +3                  0082                   0 3 0133 
   30195000  +3                  0082                   0 3 14ab 
   30235000  +3                  0084                   0 3 14ab 
   30465000  +3                  0084                   0 3 16fe 
   30505000  +3                  0086                   0 3 16fe 
   30735000  +3                  0086                   0 3 e246 
   30775000  +3                  0088                   0 3 e246 
   31005000  +3                  0088                   0 3 3479 
   31035000  +3                  010d                   0 3 3479 
   31045000  +3                  010d                   0 3 9090 
   31045000  +5                  010d                   1 2 9090 
   31275000  +4                  010d                   0 3 9090 
   31285000  +3                  008a                   0 3 9090 
   31295000  +3                  008a                   0 3 9000 
   31515000  +3                  008a                   0 3 3678 
   31545000  +3                  010c                   0 3 3678 
   31555000  +3                  010c                   0 3 acac 
   31555000  +5                  010c                   1 1 acac 
   31785000  +4                  010c                   0 3 acac 
   31795000  +3                  008c                   0 3 acac 
   31805000  +3                  008c                   0 3 90ac 
   32025000  +3                  008c                   0 3 681b 
   32055000  +3                  010c                   0 3 681b 
   32285000  +3                  010c                   0 3 90ac 
   32305000  +3                  008e                   0 3 90ac 
   32535000  +3                  008e                   0 3 781a 
   32565000  +3                  010a                   0 3 781a 
   32575000  +3                  010a                   0 3 90ac 
   32575000  +5                  010a                   1 3 90ac 
   32805000  +4                  010a                   0 3 90ac 
   32815000  +3                  0090                   0 3 90ac 
   33045000  +3                  0090                   0 3 e630 
   33085000  +3                  0092                   0 3 e630 
   33315000  +3                  0092                   0 3 761d 
   33345000  +3                  0110                   0 3 761d 
   33355000  +3                  0110                   0 3 00f2 
   33355000  +5                  0110                   1 3 00f2 
   33585000  +4                  0110                   0 3 00f2 
   33595000  +3                  0094                   0 3 00f2 
   33825000  +3                  0094                   0 3 a61d 
   33855000  +3                  0110                   0 3 a61d 
   34085000  +3                  0110                   0 3 00f2 
   34095000  +3                  00f2                   0 3 00f2 
   34325000  +3                  00f2                   0 3 0646 
   34345000  +3                  0096                   0 3 0646 
   34575000  +3                  0096                   0 3 761c 
   34605000  +3                  010e                   0 3 761c 
   34615000  +3                  010e                   0 3 0646 
   34615000  +5                  010e                   1 3 0646 
   34845000  +4                  010e                   0 3 0646 
   34855000  +3                  0098                   0 3 0646 
   35085000  +3                  0098                   0 3 e9ff 
   35125000  +3                  009a                   0 3 e9ff 
   35355000  +3                  009a                   0 3 6505 
   35385000  +3                  00a2                   0 3 6505 
   35615000  +3                  00a2                   0 3 1269 
   35635000  +3                  009c                   0 3 1269 
   35865000  +3                  009c                   0 3 14a3 
   35905000  +3                  009e                   0 3 14a3 
   36135000  +3                  009e                   0 3 5260 
   36175000  +3                  00a0                   0 3 5260 
   36405000  +3                  00a0                   0 3 7505 
   36435000  +3                  00a2                   0 3 7505 
   36445000  +3                  00a2                   0 3 126c 
   36445000  +5                  00a2                   1 3 126c 
   36675000  +4                  00a2                   0 3 126c 
   36955000  +3                  00a4                   0 3 126c 
   37185000  +3                  00a4                   0 3 721e 
   37215000  +3                  0112                   0 3 721e 
   37225000  +3                  0112                   0 3 000c 
   37225000  +5                  0112                   1 3 000c 
   37455000  +4                  0112                   0 3 000c 
   37465000  +3                  00a6                   0 3 000c 
   37695000  +3                  00a6                   0 3 1221 
   37735000  +3                  00a8                   0 3 1221 
   37965000  +3                  00a8                   0 3 664b 
   37995000  +3                  00ed                   0 3 664b 
   38225000  +3                  00ed                   0 3 ae85 
   38245000  +3                  00aa                   0 3 ae85 
   38475000  +3                  00aa                   0 3 ec34 
   38515000  +3                  00ac                   0 3 ec34 
   38745000  +3                  00ac                   0 3 7780 
   38775000  +3                  0114                   0 3 7780 
   38785000  +3                  0114                   0 3 ae85 
   38785000  +5                  0114                   1 3 ae85 
   39015000  +4                  0114                   0 3 ae85 
   39025000  +3                  00ae                   0 3 ae85 
   39255000  +3                  00ae                   0 3 620b 
   39285000  +3                  00ec                   0 3 620b 
   39515000  +3                  00ec                   0 3 ae85 
   39535000  +3                  00b0                   0 3 ae85 
   39765000  +3                  00b0                   0 3 060d 
   39805000  +3                  00b2                   0 3 060d 
   40035000  +3                  00b2                   0 3 6208 
   40065000  +3                  00e6                   0 3 6208 
   40295000  +3                  00e6                   0 3 0bad 
   40315000  +3                  00b4                   0 3 0bad 
   40545000  +3                  00b4                   0 3 e436 
   40585000  +3                  00b6                   0 3 e436 
   40815000  +3                  00b6                   0 3 4080 
   40865000  +3                  0122                   0 3 4080 
   41095000  +3                  0122                   0 3 660c 
   41125000  +3                  00ee                   0 3 660c 
   41355000  +3                  00ee                   0 3 5460 
   41375000  +3                  0124                   0 3 5460 
   41605000  +3                  0124                   0 3 1243 
   41645000  +3                  0126                   0 3 1243 
   41875000  +3                  0126                   0 3 c1c0 
   41915000  +3                  00b8                   0 3 c1c0 
   42145000  +3                  00b8                   0 3 7381 
   42175000  +3                  0116                   0 3 7381 
   42185000  +3                  0116                   0 3 600d 
   42185000  +5                  0116                   1 3 600d 
   42415000  +4                  0116                   0 3 600d 
   42425000  +3                  00ba                   0 3 600d 
   42655000  +3                  00ba                   0 3 1222 
   42695000  +3                  00bc                   0 3 1222 
   42925000  +3                  00bc                   0 3 eda1 
   42965000  +3                  00be                   0 3 eda1 
   43195000  +3                  00be                   0 3 0401 
   43235000  +3                  00c0                   0 3 0401 
   43465000  +3                  00c0                   0 3 1241 
   43505000  +3                  00c2                   0 3 1241 
   43735000  +3                  00c2                   0 3 ec28 
   43775000  +3                  00c4                   0 3 ec28 
   44005000  +3                  00c4                   0 3 7382 
   44035000  +3                  0118                   0 3 7382 
   44045000  +3                  0118                   0 3 01b0 
   44045000  +5                  0118                   1 3 01b0 
   44275000  +4                  0118                   0 3 01b0 
   44285000  +3                  00c6                   0 3 01b0 
   44515000  +3                  00c6                   0 3 0fff 
